{"C:\\Files\\PDU\\Offering\\Software\\kanban\\frontend\\src\\api\\column.ts": {"path":"C:\\Files\\PDU\\Offering\\Software\\kanban\\frontend\\src\\api\\column.ts","all":false,"statementMap":{"0":{"start":{"line":1,"column":0},"end":{"line":1,"column":3}},"1":{"start":{"line":2,"column":0},"end":{"line":2,"column":11}},"2":{"start":{"line":3,"column":0},"end":{"line":3,"column":3}},"3":{"start":{"line":4,"column":0},"end":{"line":4,"column":42}},"4":{"start":{"line":5,"column":0},"end":{"line":5,"column":13}},"5":{"start":{"line":6,"column":0},"end":{"line":6,"column":9}},"6":{"start":{"line":7,"column":0},"end":{"line":7,"column":22}},"7":{"start":{"line":8,"column":0},"end":{"line":8,"column":22}},"8":{"start":{"line":9,"column":0},"end":{"line":9,"column":22}},"9":{"start":{"line":10,"column":0},"end":{"line":10,"column":16}},"10":{"start":{"line":11,"column":0},"end":{"line":11,"column":0}},"11":{"start":{"line":12,"column":0},"end":{"line":12,"column":3}},"12":{"start":{"line":13,"column":0},"end":{"line":13,"column":6}},"13":{"start":{"line":14,"column":0},"end":{"line":14,"column":26}},"14":{"start":{"line":15,"column":0},"end":{"line":15,"column":22}},"15":{"start":{"line":16,"column":0},"end":{"line":16,"column":3}},"16":{"start":{"line":17,"column":0},"end":{"line":17,"column":29}},"17":{"start":{"line":18,"column":0},"end":{"line":18,"column":20}},"18":{"start":{"line":19,"column":0},"end":{"line":19,"column":27}},"19":{"start":{"line":20,"column":0},"end":{"line":20,"column":20}},"20":{"start":{"line":21,"column":0},"end":{"line":21,"column":61}},"21":{"start":{"line":22,"column":0},"end":{"line":22,"column":1}},"22":{"start":{"line":23,"column":0},"end":{"line":23,"column":0}},"23":{"start":{"line":24,"column":0},"end":{"line":24,"column":3}},"24":{"start":{"line":25,"column":0},"end":{"line":25,"column":6}},"25":{"start":{"line":26,"column":0},"end":{"line":26,"column":24}},"26":{"start":{"line":27,"column":0},"end":{"line":27,"column":22}},"27":{"start":{"line":28,"column":0},"end":{"line":28,"column":3}},"28":{"start":{"line":29,"column":0},"end":{"line":29,"column":29}},"29":{"start":{"line":30,"column":0},"end":{"line":30,"column":19}},"30":{"start":{"line":31,"column":0},"end":{"line":31,"column":27}},"31":{"start":{"line":32,"column":0},"end":{"line":32,"column":20}},"32":{"start":{"line":33,"column":0},"end":{"line":33,"column":50}},"33":{"start":{"line":34,"column":0},"end":{"line":34,"column":1}},"34":{"start":{"line":35,"column":0},"end":{"line":35,"column":0}},"35":{"start":{"line":36,"column":0},"end":{"line":36,"column":3}},"36":{"start":{"line":37,"column":0},"end":{"line":37,"column":6}},"37":{"start":{"line":38,"column":0},"end":{"line":38,"column":24}},"38":{"start":{"line":39,"column":0},"end":{"line":39,"column":3}},"39":{"start":{"line":40,"column":0},"end":{"line":40,"column":63}},"40":{"start":{"line":41,"column":0},"end":{"line":41,"column":42}},"41":{"start":{"line":42,"column":0},"end":{"line":42,"column":1}},"42":{"start":{"line":43,"column":0},"end":{"line":43,"column":0}},"43":{"start":{"line":44,"column":0},"end":{"line":44,"column":3}},"44":{"start":{"line":45,"column":0},"end":{"line":45,"column":8}},"45":{"start":{"line":46,"column":0},"end":{"line":46,"column":22}},"46":{"start":{"line":47,"column":0},"end":{"line":47,"column":3}},"47":{"start":{"line":48,"column":0},"end":{"line":48,"column":79}},"48":{"start":{"line":49,"column":0},"end":{"line":49,"column":48}},"49":{"start":{"line":50,"column":0},"end":{"line":50,"column":1}}},"s":{"0":1,"1":1,"2":1,"3":1,"4":1,"5":1,"6":1,"7":1,"8":1,"9":1,"10":1,"11":1,"12":1,"13":1,"14":1,"15":1,"16":1,"17":1,"18":1,"19":1,"20":1,"21":1,"22":1,"23":1,"24":1,"25":1,"26":1,"27":1,"28":1,"29":1,"30":1,"31":1,"32":1,"33":1,"34":1,"35":1,"36":1,"37":1,"38":1,"39":1,"40":1,"41":1,"42":1,"43":1,"44":1,"45":1,"46":1,"47":1,"48":3,"49":3},"branchMap":{"0":{"type":"branch","line":17,"loc":{"start":{"line":17,"column":7},"end":{"line":22,"column":1}},"locations":[{"start":{"line":17,"column":7},"end":{"line":22,"column":1}}]},"1":{"type":"branch","line":29,"loc":{"start":{"line":29,"column":7},"end":{"line":34,"column":1}},"locations":[{"start":{"line":29,"column":7},"end":{"line":34,"column":1}}]},"2":{"type":"branch","line":40,"loc":{"start":{"line":40,"column":7},"end":{"line":42,"column":1}},"locations":[{"start":{"line":40,"column":7},"end":{"line":42,"column":1}}]},"3":{"type":"branch","line":48,"loc":{"start":{"line":48,"column":7},"end":{"line":50,"column":1}},"locations":[{"start":{"line":48,"column":7},"end":{"line":50,"column":1}}]}},"b":{"0":[1],"1":[1],"2":[1],"3":[3]},"fnMap":{"0":{"name":"createColumn","decl":{"start":{"line":17,"column":7},"end":{"line":22,"column":1}},"loc":{"start":{"line":17,"column":7},"end":{"line":22,"column":1}},"line":17},"1":{"name":"updateColumn","decl":{"start":{"line":29,"column":7},"end":{"line":34,"column":1}},"loc":{"start":{"line":29,"column":7},"end":{"line":34,"column":1}},"line":29},"2":{"name":"deleteColumn","decl":{"start":{"line":40,"column":7},"end":{"line":42,"column":1}},"loc":{"start":{"line":40,"column":7},"end":{"line":42,"column":1}},"line":40},"3":{"name":"reorderColumns","decl":{"start":{"line":48,"column":7},"end":{"line":50,"column":1}},"loc":{"start":{"line":48,"column":7},"end":{"line":50,"column":1}},"line":48}},"f":{"0":1,"1":1,"2":1,"3":3}}
,"C:\\Files\\PDU\\Offering\\Software\\kanban\\frontend\\src\\api\\task.ts": {"path":"C:\\Files\\PDU\\Offering\\Software\\kanban\\frontend\\src\\api\\task.ts","all":false,"statementMap":{"0":{"start":{"line":1,"column":0},"end":{"line":1,"column":3}},"1":{"start":{"line":2,"column":0},"end":{"line":2,"column":10}},"2":{"start":{"line":3,"column":0},"end":{"line":3,"column":3}},"3":{"start":{"line":4,"column":0},"end":{"line":4,"column":42}},"4":{"start":{"line":5,"column":0},"end":{"line":5,"column":90}},"5":{"start":{"line":6,"column":0},"end":{"line":6,"column":0}},"6":{"start":{"line":7,"column":0},"end":{"line":7,"column":3}},"7":{"start":{"line":8,"column":0},"end":{"line":8,"column":7}},"8":{"start":{"line":9,"column":0},"end":{"line":9,"column":24}},"9":{"start":{"line":10,"column":0},"end":{"line":10,"column":23}},"10":{"start":{"line":11,"column":0},"end":{"line":11,"column":3}},"11":{"start":{"line":12,"column":0},"end":{"line":12,"column":27}},"12":{"start":{"line":13,"column":0},"end":{"line":13,"column":19}},"13":{"start":{"line":14,"column":0},"end":{"line":14,"column":25}},"14":{"start":{"line":15,"column":0},"end":{"line":15,"column":18}},"15":{"start":{"line":16,"column":0},"end":{"line":16,"column":55}},"16":{"start":{"line":17,"column":0},"end":{"line":17,"column":1}},"17":{"start":{"line":18,"column":0},"end":{"line":18,"column":0}},"18":{"start":{"line":19,"column":0},"end":{"line":19,"column":3}},"19":{"start":{"line":20,"column":0},"end":{"line":20,"column":7}},"20":{"start":{"line":21,"column":0},"end":{"line":21,"column":23}},"21":{"start":{"line":22,"column":0},"end":{"line":22,"column":23}},"22":{"start":{"line":23,"column":0},"end":{"line":23,"column":3}},"23":{"start":{"line":24,"column":0},"end":{"line":24,"column":27}},"24":{"start":{"line":25,"column":0},"end":{"line":25,"column":17}},"25":{"start":{"line":26,"column":0},"end":{"line":26,"column":25}},"26":{"start":{"line":27,"column":0},"end":{"line":27,"column":18}},"27":{"start":{"line":28,"column":0},"end":{"line":28,"column":44}},"28":{"start":{"line":29,"column":0},"end":{"line":29,"column":1}},"29":{"start":{"line":30,"column":0},"end":{"line":30,"column":0}},"30":{"start":{"line":31,"column":0},"end":{"line":31,"column":3}},"31":{"start":{"line":32,"column":0},"end":{"line":32,"column":7}},"32":{"start":{"line":33,"column":0},"end":{"line":33,"column":23}},"33":{"start":{"line":34,"column":0},"end":{"line":34,"column":3}},"34":{"start":{"line":35,"column":0},"end":{"line":35,"column":59}},"35":{"start":{"line":36,"column":0},"end":{"line":36,"column":38}},"36":{"start":{"line":37,"column":0},"end":{"line":37,"column":1}},"37":{"start":{"line":38,"column":0},"end":{"line":38,"column":0}},"38":{"start":{"line":39,"column":0},"end":{"line":39,"column":3}},"39":{"start":{"line":40,"column":0},"end":{"line":40,"column":7}},"40":{"start":{"line":41,"column":0},"end":{"line":41,"column":23}},"41":{"start":{"line":42,"column":0},"end":{"line":42,"column":31}},"42":{"start":{"line":43,"column":0},"end":{"line":43,"column":3}},"43":{"start":{"line":44,"column":0},"end":{"line":44,"column":25}},"44":{"start":{"line":45,"column":0},"end":{"line":45,"column":17}},"45":{"start":{"line":46,"column":0},"end":{"line":46,"column":23}},"46":{"start":{"line":47,"column":0},"end":{"line":47,"column":18}},"47":{"start":{"line":48,"column":0},"end":{"line":48,"column":49}},"48":{"start":{"line":49,"column":0},"end":{"line":49,"column":1}}},"s":{"0":1,"1":1,"2":1,"3":1,"4":1,"5":1,"6":1,"7":1,"8":1,"9":1,"10":1,"11":1,"12":1,"13":1,"14":1,"15":1,"16":1,"17":1,"18":1,"19":1,"20":1,"21":1,"22":1,"23":1,"24":1,"25":1,"26":1,"27":1,"28":1,"29":1,"30":1,"31":1,"32":1,"33":1,"34":1,"35":1,"36":1,"37":1,"38":1,"39":1,"40":1,"41":1,"42":1,"43":1,"44":4,"45":4,"46":4,"47":4,"48":4},"branchMap":{"0":{"type":"branch","line":12,"loc":{"start":{"line":12,"column":7},"end":{"line":17,"column":1}},"locations":[{"start":{"line":12,"column":7},"end":{"line":17,"column":1}}]},"1":{"type":"branch","line":24,"loc":{"start":{"line":24,"column":7},"end":{"line":29,"column":1}},"locations":[{"start":{"line":24,"column":7},"end":{"line":29,"column":1}}]},"2":{"type":"branch","line":35,"loc":{"start":{"line":35,"column":7},"end":{"line":37,"column":1}},"locations":[{"start":{"line":35,"column":7},"end":{"line":37,"column":1}}]},"3":{"type":"branch","line":44,"loc":{"start":{"line":44,"column":7},"end":{"line":49,"column":1}},"locations":[{"start":{"line":44,"column":7},"end":{"line":49,"column":1}}]}},"b":{"0":[1],"1":[1],"2":[1],"3":[4]},"fnMap":{"0":{"name":"createTask","decl":{"start":{"line":12,"column":7},"end":{"line":17,"column":1}},"loc":{"start":{"line":12,"column":7},"end":{"line":17,"column":1}},"line":12},"1":{"name":"updateTask","decl":{"start":{"line":24,"column":7},"end":{"line":29,"column":1}},"loc":{"start":{"line":24,"column":7},"end":{"line":29,"column":1}},"line":24},"2":{"name":"deleteTask","decl":{"start":{"line":35,"column":7},"end":{"line":37,"column":1}},"loc":{"start":{"line":35,"column":7},"end":{"line":37,"column":1}},"line":35},"3":{"name":"moveTask","decl":{"start":{"line":44,"column":7},"end":{"line":49,"column":1}},"loc":{"start":{"line":44,"column":7},"end":{"line":49,"column":1}},"line":44}},"f":{"0":1,"1":1,"2":1,"3":4}}
,"C:\\Files\\PDU\\Offering\\Software\\kanban\\frontend\\src\\stores\\board.ts": {"path":"C:\\Files\\PDU\\Offering\\Software\\kanban\\frontend\\src\\stores\\board.ts","all":false,"statementMap":{"0":{"start":{"line":1,"column":0},"end":{"line":1,"column":3}},"1":{"start":{"line":2,"column":0},"end":{"line":2,"column":9}},"2":{"start":{"line":3,"column":0},"end":{"line":3,"column":3}},"3":{"start":{"line":4,"column":0},"end":{"line":4,"column":35}},"4":{"start":{"line":5,"column":0},"end":{"line":5,"column":35}},"5":{"start":{"line":6,"column":0},"end":{"line":6,"column":13}},"6":{"start":{"line":7,"column":0},"end":{"line":7,"column":16}},"7":{"start":{"line":8,"column":0},"end":{"line":8,"column":18}},"8":{"start":{"line":9,"column":0},"end":{"line":9,"column":7}},"9":{"start":{"line":10,"column":0},"end":{"line":10,"column":22}},"10":{"start":{"line":11,"column":0},"end":{"line":11,"column":22}},"11":{"start":{"line":12,"column":0},"end":{"line":12,"column":20}},"12":{"start":{"line":13,"column":0},"end":{"line":13,"column":20}},"13":{"start":{"line":14,"column":0},"end":{"line":14,"column":17}},"14":{"start":{"line":15,"column":0},"end":{"line":15,"column":16}},"15":{"start":{"line":16,"column":0},"end":{"line":16,"column":43}},"16":{"start":{"line":17,"column":0},"end":{"line":17,"column":41}},"17":{"start":{"line":18,"column":0},"end":{"line":18,"column":37}},"18":{"start":{"line":19,"column":0},"end":{"line":19,"column":0}},"19":{"start":{"line":20,"column":0},"end":{"line":20,"column":57}},"20":{"start":{"line":21,"column":0},"end":{"line":21,"column":7}},"21":{"start":{"line":22,"column":0},"end":{"line":22,"column":56}},"22":{"start":{"line":23,"column":0},"end":{"line":23,"column":28}},"23":{"start":{"line":24,"column":0},"end":{"line":24,"column":0}},"24":{"start":{"line":25,"column":0},"end":{"line":25,"column":9}},"25":{"start":{"line":26,"column":0},"end":{"line":26,"column":69}},"26":{"start":{"line":27,"column":0},"end":{"line":27,"column":70}},"27":{"start":{"line":28,"column":0},"end":{"line":28,"column":0}},"28":{"start":{"line":29,"column":0},"end":{"line":29,"column":5}},"29":{"start":{"line":30,"column":0},"end":{"line":30,"column":11}},"30":{"start":{"line":31,"column":0},"end":{"line":31,"column":5}},"31":{"start":{"line":32,"column":0},"end":{"line":32,"column":64}},"32":{"start":{"line":33,"column":0},"end":{"line":33,"column":24}},"33":{"start":{"line":34,"column":0},"end":{"line":34,"column":9}},"34":{"start":{"line":35,"column":0},"end":{"line":35,"column":67}},"35":{"start":{"line":36,"column":0},"end":{"line":36,"column":15}},"36":{"start":{"line":37,"column":0},"end":{"line":37,"column":27}},"37":{"start":{"line":38,"column":0},"end":{"line":38,"column":5}},"38":{"start":{"line":39,"column":0},"end":{"line":39,"column":3}},"39":{"start":{"line":40,"column":0},"end":{"line":40,"column":0}},"40":{"start":{"line":41,"column":0},"end":{"line":41,"column":5}},"41":{"start":{"line":42,"column":0},"end":{"line":42,"column":11}},"42":{"start":{"line":43,"column":0},"end":{"line":43,"column":5}},"43":{"start":{"line":44,"column":0},"end":{"line":44,"column":33}},"44":{"start":{"line":45,"column":0},"end":{"line":45,"column":31}},"45":{"start":{"line":46,"column":0},"end":{"line":46,"column":3}},"46":{"start":{"line":47,"column":0},"end":{"line":47,"column":0}},"47":{"start":{"line":48,"column":0},"end":{"line":48,"column":5}},"48":{"start":{"line":49,"column":0},"end":{"line":49,"column":8}},"49":{"start":{"line":50,"column":0},"end":{"line":50,"column":5}},"50":{"start":{"line":51,"column":0},"end":{"line":51,"column":73}},"51":{"start":{"line":52,"column":0},"end":{"line":52,"column":37}},"52":{"start":{"line":53,"column":0},"end":{"line":53,"column":0}},"53":{"start":{"line":54,"column":0},"end":{"line":54,"column":78}},"54":{"start":{"line":55,"column":0},"end":{"line":55,"column":63}},"55":{"start":{"line":56,"column":0},"end":{"line":56,"column":48}},"56":{"start":{"line":57,"column":0},"end":{"line":57,"column":3}},"57":{"start":{"line":58,"column":0},"end":{"line":58,"column":0}},"58":{"start":{"line":59,"column":0},"end":{"line":59,"column":5}},"59":{"start":{"line":60,"column":0},"end":{"line":60,"column":8}},"60":{"start":{"line":61,"column":0},"end":{"line":61,"column":5}},"61":{"start":{"line":62,"column":0},"end":{"line":62,"column":30}},"62":{"start":{"line":63,"column":0},"end":{"line":63,"column":21}},"63":{"start":{"line":64,"column":0},"end":{"line":64,"column":29}},"64":{"start":{"line":65,"column":0},"end":{"line":65,"column":20}},"65":{"start":{"line":66,"column":0},"end":{"line":66,"column":37}},"66":{"start":{"line":67,"column":0},"end":{"line":67,"column":0}},"67":{"start":{"line":68,"column":0},"end":{"line":68,"column":70}},"68":{"start":{"line":69,"column":0},"end":{"line":69,"column":57}},"69":{"start":{"line":70,"column":0},"end":{"line":70,"column":30}},"70":{"start":{"line":71,"column":0},"end":{"line":71,"column":5}},"71":{"start":{"line":72,"column":0},"end":{"line":72,"column":23}},"72":{"start":{"line":73,"column":0},"end":{"line":73,"column":61}},"73":{"start":{"line":74,"column":0},"end":{"line":74,"column":71}},"74":{"start":{"line":75,"column":0},"end":{"line":75,"column":5}},"75":{"start":{"line":76,"column":0},"end":{"line":76,"column":3}},"76":{"start":{"line":77,"column":0},"end":{"line":77,"column":0}},"77":{"start":{"line":78,"column":0},"end":{"line":78,"column":5}},"78":{"start":{"line":79,"column":0},"end":{"line":79,"column":8}},"79":{"start":{"line":80,"column":0},"end":{"line":80,"column":5}},"80":{"start":{"line":81,"column":0},"end":{"line":81,"column":64}},"81":{"start":{"line":82,"column":0},"end":{"line":82,"column":37}},"82":{"start":{"line":83,"column":0},"end":{"line":83,"column":0}},"83":{"start":{"line":84,"column":0},"end":{"line":84,"column":42}},"84":{"start":{"line":85,"column":0},"end":{"line":85,"column":71}},"85":{"start":{"line":86,"column":0},"end":{"line":86,"column":30}},"86":{"start":{"line":87,"column":0},"end":{"line":87,"column":5}},"87":{"start":{"line":88,"column":0},"end":{"line":88,"column":3}},"88":{"start":{"line":89,"column":0},"end":{"line":89,"column":0}},"89":{"start":{"line":90,"column":0},"end":{"line":90,"column":5}},"90":{"start":{"line":91,"column":0},"end":{"line":91,"column":9}},"91":{"start":{"line":92,"column":0},"end":{"line":92,"column":5}},"92":{"start":{"line":93,"column":0},"end":{"line":93,"column":28}},"93":{"start":{"line":94,"column":0},"end":{"line":94,"column":21}},"94":{"start":{"line":95,"column":0},"end":{"line":95,"column":27}},"95":{"start":{"line":96,"column":0},"end":{"line":96,"column":20}},"96":{"start":{"line":97,"column":0},"end":{"line":97,"column":37}},"97":{"start":{"line":98,"column":0},"end":{"line":98,"column":0}},"98":{"start":{"line":99,"column":0},"end":{"line":99,"column":57}},"99":{"start":{"line":100,"column":0},"end":{"line":100,"column":78}},"100":{"start":{"line":101,"column":0},"end":{"line":101,"column":17}},"101":{"start":{"line":102,"column":0},"end":{"line":102,"column":29}},"102":{"start":{"line":103,"column":0},"end":{"line":103,"column":5}},"103":{"start":{"line":104,"column":0},"end":{"line":104,"column":3}},"104":{"start":{"line":105,"column":0},"end":{"line":105,"column":0}},"105":{"start":{"line":106,"column":0},"end":{"line":106,"column":5}},"106":{"start":{"line":107,"column":0},"end":{"line":107,"column":9}},"107":{"start":{"line":108,"column":0},"end":{"line":108,"column":5}},"108":{"start":{"line":109,"column":0},"end":{"line":109,"column":28}},"109":{"start":{"line":110,"column":0},"end":{"line":110,"column":19}},"110":{"start":{"line":111,"column":0},"end":{"line":111,"column":27}},"111":{"start":{"line":112,"column":0},"end":{"line":112,"column":20}},"112":{"start":{"line":113,"column":0},"end":{"line":113,"column":37}},"113":{"start":{"line":114,"column":0},"end":{"line":114,"column":0}},"114":{"start":{"line":115,"column":0},"end":{"line":115,"column":62}},"115":{"start":{"line":116,"column":0},"end":{"line":116,"column":56}},"116":{"start":{"line":117,"column":0},"end":{"line":117,"column":70}},"117":{"start":{"line":118,"column":0},"end":{"line":118,"column":29}},"118":{"start":{"line":119,"column":0},"end":{"line":119,"column":45}},"119":{"start":{"line":120,"column":0},"end":{"line":120,"column":13}},"120":{"start":{"line":121,"column":0},"end":{"line":121,"column":7}},"121":{"start":{"line":122,"column":0},"end":{"line":122,"column":5}},"122":{"start":{"line":123,"column":0},"end":{"line":123,"column":3}},"123":{"start":{"line":124,"column":0},"end":{"line":124,"column":0}},"124":{"start":{"line":125,"column":0},"end":{"line":125,"column":5}},"125":{"start":{"line":126,"column":0},"end":{"line":126,"column":9}},"126":{"start":{"line":127,"column":0},"end":{"line":127,"column":5}},"127":{"start":{"line":128,"column":0},"end":{"line":128,"column":60}},"128":{"start":{"line":129,"column":0},"end":{"line":129,"column":37}},"129":{"start":{"line":130,"column":0},"end":{"line":130,"column":0}},"130":{"start":{"line":131,"column":0},"end":{"line":131,"column":36}},"131":{"start":{"line":132,"column":0},"end":{"line":132,"column":56}},"132":{"start":{"line":133,"column":0},"end":{"line":133,"column":70}},"133":{"start":{"line":134,"column":0},"end":{"line":134,"column":29}},"134":{"start":{"line":135,"column":0},"end":{"line":135,"column":41}},"135":{"start":{"line":136,"column":0},"end":{"line":136,"column":13}},"136":{"start":{"line":137,"column":0},"end":{"line":137,"column":7}},"137":{"start":{"line":138,"column":0},"end":{"line":138,"column":5}},"138":{"start":{"line":139,"column":0},"end":{"line":139,"column":3}},"139":{"start":{"line":140,"column":0},"end":{"line":140,"column":0}},"140":{"start":{"line":141,"column":0},"end":{"line":141,"column":5}},"141":{"start":{"line":142,"column":0},"end":{"line":142,"column":16}},"142":{"start":{"line":143,"column":0},"end":{"line":143,"column":42}},"143":{"start":{"line":144,"column":0},"end":{"line":144,"column":25}},"144":{"start":{"line":145,"column":0},"end":{"line":145,"column":5}},"145":{"start":{"line":146,"column":0},"end":{"line":146,"column":26}},"146":{"start":{"line":147,"column":0},"end":{"line":147,"column":19}},"147":{"start":{"line":148,"column":0},"end":{"line":148,"column":27}},"148":{"start":{"line":149,"column":0},"end":{"line":149,"column":27}},"149":{"start":{"line":150,"column":0},"end":{"line":150,"column":23}},"150":{"start":{"line":151,"column":0},"end":{"line":151,"column":20}},"151":{"start":{"line":152,"column":0},"end":{"line":152,"column":37}},"152":{"start":{"line":153,"column":0},"end":{"line":153,"column":0}},"153":{"start":{"line":154,"column":0},"end":{"line":154,"column":37}},"154":{"start":{"line":155,"column":0},"end":{"line":155,"column":59}},"155":{"start":{"line":156,"column":0},"end":{"line":156,"column":36}},"156":{"start":{"line":157,"column":0},"end":{"line":157,"column":5}},"157":{"start":{"line":158,"column":0},"end":{"line":158,"column":29}},"158":{"start":{"line":159,"column":0},"end":{"line":159,"column":0}},"159":{"start":{"line":160,"column":0},"end":{"line":160,"column":74}},"160":{"start":{"line":161,"column":0},"end":{"line":161,"column":32}},"161":{"start":{"line":162,"column":0},"end":{"line":162,"column":0}},"162":{"start":{"line":163,"column":0},"end":{"line":163,"column":31}},"163":{"start":{"line":164,"column":0},"end":{"line":164,"column":60}},"164":{"start":{"line":165,"column":0},"end":{"line":165,"column":0}},"165":{"start":{"line":166,"column":0},"end":{"line":166,"column":38}},"166":{"start":{"line":167,"column":0},"end":{"line":167,"column":44}},"167":{"start":{"line":168,"column":0},"end":{"line":168,"column":22}},"168":{"start":{"line":169,"column":0},"end":{"line":169,"column":6}},"169":{"start":{"line":170,"column":0},"end":{"line":170,"column":0}},"170":{"start":{"line":171,"column":0},"end":{"line":171,"column":33}},"171":{"start":{"line":172,"column":0},"end":{"line":172,"column":44}},"172":{"start":{"line":173,"column":0},"end":{"line":173,"column":61}},"173":{"start":{"line":174,"column":0},"end":{"line":174,"column":38}},"174":{"start":{"line":175,"column":0},"end":{"line":175,"column":7}},"175":{"start":{"line":176,"column":0},"end":{"line":176,"column":25}},"176":{"start":{"line":177,"column":0},"end":{"line":177,"column":48}},"177":{"start":{"line":178,"column":0},"end":{"line":178,"column":26}},"178":{"start":{"line":179,"column":0},"end":{"line":179,"column":10}},"179":{"start":{"line":180,"column":0},"end":{"line":180,"column":7}},"180":{"start":{"line":181,"column":0},"end":{"line":181,"column":5}},"181":{"start":{"line":182,"column":0},"end":{"line":182,"column":0}},"182":{"start":{"line":183,"column":0},"end":{"line":183,"column":9}},"183":{"start":{"line":184,"column":0},"end":{"line":184,"column":14}},"184":{"start":{"line":185,"column":0},"end":{"line":185,"column":62}},"185":{"start":{"line":186,"column":0},"end":{"line":186,"column":41}},"186":{"start":{"line":187,"column":0},"end":{"line":187,"column":41}},"187":{"start":{"line":188,"column":0},"end":{"line":188,"column":29}},"188":{"start":{"line":189,"column":0},"end":{"line":189,"column":7}},"189":{"start":{"line":190,"column":0},"end":{"line":190,"column":66}},"190":{"start":{"line":191,"column":0},"end":{"line":191,"column":45}},"191":{"start":{"line":192,"column":0},"end":{"line":192,"column":49}},"192":{"start":{"line":193,"column":0},"end":{"line":193,"column":21}},"193":{"start":{"line":194,"column":0},"end":{"line":194,"column":25}},"194":{"start":{"line":195,"column":0},"end":{"line":195,"column":33}},"195":{"start":{"line":196,"column":0},"end":{"line":196,"column":50}},"196":{"start":{"line":197,"column":0},"end":{"line":197,"column":7}},"197":{"start":{"line":198,"column":0},"end":{"line":198,"column":17}},"198":{"start":{"line":199,"column":0},"end":{"line":199,"column":5}},"199":{"start":{"line":200,"column":0},"end":{"line":200,"column":3}},"200":{"start":{"line":201,"column":0},"end":{"line":201,"column":0}},"201":{"start":{"line":202,"column":0},"end":{"line":202,"column":5}},"202":{"start":{"line":203,"column":0},"end":{"line":203,"column":10}},"203":{"start":{"line":204,"column":0},"end":{"line":204,"column":44}},"204":{"start":{"line":205,"column":0},"end":{"line":205,"column":25}},"205":{"start":{"line":206,"column":0},"end":{"line":206,"column":5}},"206":{"start":{"line":207,"column":0},"end":{"line":207,"column":69}},"207":{"start":{"line":208,"column":0},"end":{"line":208,"column":37}},"208":{"start":{"line":209,"column":0},"end":{"line":209,"column":0}},"209":{"start":{"line":210,"column":0},"end":{"line":210,"column":23}},"210":{"start":{"line":211,"column":0},"end":{"line":211,"column":59}},"211":{"start":{"line":212,"column":0},"end":{"line":212,"column":27}},"212":{"start":{"line":213,"column":0},"end":{"line":213,"column":6}},"213":{"start":{"line":214,"column":0},"end":{"line":214,"column":0}},"214":{"start":{"line":215,"column":0},"end":{"line":215,"column":9}},"215":{"start":{"line":216,"column":0},"end":{"line":216,"column":14}},"216":{"start":{"line":217,"column":0},"end":{"line":217,"column":63}},"217":{"start":{"line":218,"column":0},"end":{"line":218,"column":21}},"218":{"start":{"line":219,"column":0},"end":{"line":219,"column":25}},"219":{"start":{"line":220,"column":0},"end":{"line":220,"column":33}},"220":{"start":{"line":221,"column":0},"end":{"line":221,"column":50}},"221":{"start":{"line":222,"column":0},"end":{"line":222,"column":7}},"222":{"start":{"line":223,"column":0},"end":{"line":223,"column":17}},"223":{"start":{"line":224,"column":0},"end":{"line":224,"column":5}},"224":{"start":{"line":225,"column":0},"end":{"line":225,"column":3}},"225":{"start":{"line":226,"column":0},"end":{"line":226,"column":0}},"226":{"start":{"line":227,"column":0},"end":{"line":227,"column":5}},"227":{"start":{"line":228,"column":0},"end":{"line":228,"column":12}},"228":{"start":{"line":229,"column":0},"end":{"line":229,"column":5}},"229":{"start":{"line":230,"column":0},"end":{"line":230,"column":73}},"230":{"start":{"line":231,"column":0},"end":{"line":231,"column":71}},"231":{"start":{"line":232,"column":0},"end":{"line":232,"column":3}},"232":{"start":{"line":233,"column":0},"end":{"line":233,"column":0}},"233":{"start":{"line":234,"column":0},"end":{"line":234,"column":5}},"234":{"start":{"line":235,"column":0},"end":{"line":235,"column":13}},"235":{"start":{"line":236,"column":0},"end":{"line":236,"column":5}},"236":{"start":{"line":237,"column":0},"end":{"line":237,"column":58}},"237":{"start":{"line":238,"column":0},"end":{"line":238,"column":47}},"238":{"start":{"line":239,"column":0},"end":{"line":239,"column":56}},"239":{"start":{"line":240,"column":0},"end":{"line":240,"column":60}},"240":{"start":{"line":241,"column":0},"end":{"line":241,"column":27}},"241":{"start":{"line":242,"column":0},"end":{"line":242,"column":5}},"242":{"start":{"line":243,"column":0},"end":{"line":243,"column":20}},"243":{"start":{"line":244,"column":0},"end":{"line":244,"column":3}},"244":{"start":{"line":245,"column":0},"end":{"line":245,"column":0}},"245":{"start":{"line":246,"column":0},"end":{"line":246,"column":10}},"246":{"start":{"line":247,"column":0},"end":{"line":247,"column":9}},"247":{"start":{"line":248,"column":0},"end":{"line":248,"column":19}},"248":{"start":{"line":249,"column":0},"end":{"line":249,"column":12}},"249":{"start":{"line":250,"column":0},"end":{"line":250,"column":11}},"250":{"start":{"line":251,"column":0},"end":{"line":251,"column":12}},"251":{"start":{"line":252,"column":0},"end":{"line":252,"column":16}},"252":{"start":{"line":253,"column":0},"end":{"line":253,"column":9}},"253":{"start":{"line":254,"column":0},"end":{"line":254,"column":16}},"254":{"start":{"line":255,"column":0},"end":{"line":255,"column":17}},"255":{"start":{"line":256,"column":0},"end":{"line":256,"column":17}},"256":{"start":{"line":257,"column":0},"end":{"line":257,"column":17}},"257":{"start":{"line":258,"column":0},"end":{"line":258,"column":17}},"258":{"start":{"line":259,"column":0},"end":{"line":259,"column":15}},"259":{"start":{"line":260,"column":0},"end":{"line":260,"column":15}},"260":{"start":{"line":261,"column":0},"end":{"line":261,"column":15}},"261":{"start":{"line":262,"column":0},"end":{"line":262,"column":13}},"262":{"start":{"line":263,"column":0},"end":{"line":263,"column":19}},"263":{"start":{"line":264,"column":0},"end":{"line":264,"column":18}},"264":{"start":{"line":265,"column":0},"end":{"line":265,"column":15}},"265":{"start":{"line":266,"column":0},"end":{"line":266,"column":3}},"266":{"start":{"line":267,"column":0},"end":{"line":267,"column":2}}},"s":{"0":1,"1":1,"2":1,"3":1,"4":1,"5":1,"6":1,"7":1,"8":1,"9":1,"10":1,"11":1,"12":1,"13":1,"14":1,"15":1,"16":1,"17":1,"18":1,"19":1,"20":38,"21":38,"22":38,"23":38,"24":38,"25":38,"26":38,"27":38,"28":38,"29":38,"30":38,"31":38,"32":4,"33":4,"34":4,"35":4,"36":4,"37":4,"38":4,"39":38,"40":38,"41":38,"42":38,"43":38,"44":1,"45":1,"46":38,"47":38,"48":38,"49":38,"50":38,"51":2,"52":1,"53":1,"54":1,"55":1,"56":2,"57":38,"58":38,"59":38,"60":38,"61":38,"62":3,"63":3,"64":3,"65":3,"66":2,"67":2,"68":2,"69":2,"70":2,"71":3,"72":1,"73":1,"74":1,"75":3,"76":38,"77":38,"78":38,"79":38,"80":38,"81":2,"82":1,"83":1,"84":1,"85":1,"86":1,"87":2,"88":38,"89":38,"90":38,"91":38,"92":38,"93":3,"94":3,"95":3,"96":3,"97":2,"98":2,"99":2,"100":3,"101":1,"102":1,"103":3,"104":38,"105":38,"106":38,"107":38,"108":38,"109":3,"110":3,"111":3,"112":3,"113":2,"114":2,"115":2,"116":2,"117":2,"118":1,"119":1,"120":1,"121":2,"122":3,"123":38,"124":38,"125":38,"126":38,"127":38,"128":3,"129":2,"130":2,"131":2,"132":2,"133":2,"134":1,"135":1,"136":1,"137":2,"138":3,"139":38,"140":38,"141":38,"142":38,"143":38,"144":38,"145":38,"146":7,"147":7,"148":7,"149":7,"150":7,"151":7,"152":6,"153":6,"154":6,"155":6,"156":6,"157":6,"158":5,"159":5,"160":5,"161":4,"162":4,"163":4,"164":4,"165":4,"166":4,"167":7,"168":4,"169":4,"170":4,"171":7,"172":2,"173":2,"174":2,"175":2,"176":2,"177":1,"178":2,"179":2,"180":2,"181":4,"182":4,"183":4,"184":4,"185":4,"186":4,"187":4,"188":4,"189":4,"190":3,"191":3,"192":7,"193":1,"194":1,"195":1,"196":1,"197":1,"198":1,"199":7,"200":38,"201":38,"202":38,"203":38,"204":38,"205":38,"206":38,"207":3,"208":2,"209":2,"210":2,"211":4,"212":2,"213":2,"214":2,"215":2,"216":2,"217":1,"218":1,"219":1,"220":1,"221":1,"222":1,"223":1,"224":3,"225":38,"226":38,"227":38,"228":38,"229":38,"230":2,"231":2,"232":38,"233":38,"234":38,"235":38,"236":38,"237":3,"238":2,"239":2,"240":2,"241":2,"242":1,"243":3,"244":38,"245":38,"246":38,"247":38,"248":38,"249":38,"250":38,"251":38,"252":38,"253":38,"254":38,"255":38,"256":38,"257":38,"258":38,"259":38,"260":38,"261":38,"262":38,"263":38,"264":38,"265":38,"266":38},"branchMap":{"0":{"type":"branch","line":20,"loc":{"start":{"line":20,"column":50},"end":{"line":267,"column":2}},"locations":[{"start":{"line":20,"column":50},"end":{"line":267,"column":2}}]},"1":{"type":"branch","line":26,"loc":{"start":{"line":26,"column":27},"end":{"line":26,"column":68}},"locations":[{"start":{"line":26,"column":27},"end":{"line":26,"column":68}}]},"2":{"type":"branch","line":26,"loc":{"start":{"line":26,"column":48},"end":{"line":26,"column":66}},"locations":[{"start":{"line":26,"column":48},"end":{"line":26,"column":66}}]},"3":{"type":"branch","line":26,"loc":{"start":{"line":26,"column":55},"end":{"line":26,"column":68}},"locations":[{"start":{"line":26,"column":55},"end":{"line":26,"column":68}}]},"4":{"type":"branch","line":27,"loc":{"start":{"line":27,"column":31},"end":{"line":27,"column":69}},"locations":[{"start":{"line":27,"column":31},"end":{"line":27,"column":69}}]},"5":{"type":"branch","line":27,"loc":{"start":{"line":27,"column":52},"end":{"line":27,"column":67}},"locations":[{"start":{"line":27,"column":52},"end":{"line":27,"column":67}}]},"6":{"type":"branch","line":27,"loc":{"start":{"line":27,"column":59},"end":{"line":27,"column":69}},"locations":[{"start":{"line":27,"column":59},"end":{"line":27,"column":69}}]},"7":{"type":"branch","line":32,"loc":{"start":{"line":32,"column":2},"end":{"line":39,"column":3}},"locations":[{"start":{"line":32,"column":2},"end":{"line":39,"column":3}}]},"8":{"type":"branch","line":44,"loc":{"start":{"line":44,"column":2},"end":{"line":46,"column":3}},"locations":[{"start":{"line":44,"column":2},"end":{"line":46,"column":3}}]},"9":{"type":"branch","line":51,"loc":{"start":{"line":51,"column":2},"end":{"line":57,"column":3}},"locations":[{"start":{"line":51,"column":2},"end":{"line":57,"column":3}}]},"10":{"type":"branch","line":52,"loc":{"start":{"line":52,"column":31},"end":{"line":56,"column":48}},"locations":[{"start":{"line":52,"column":31},"end":{"line":56,"column":48}}]},"11":{"type":"branch","line":62,"loc":{"start":{"line":62,"column":2},"end":{"line":76,"column":3}},"locations":[{"start":{"line":62,"column":2},"end":{"line":76,"column":3}}]},"12":{"type":"branch","line":66,"loc":{"start":{"line":66,"column":31},"end":{"line":66,"column":37}},"locations":[{"start":{"line":66,"column":31},"end":{"line":66,"column":37}}]},"13":{"type":"branch","line":66,"loc":{"start":{"line":66,"column":31},"end":{"line":72,"column":22}},"locations":[{"start":{"line":66,"column":31},"end":{"line":72,"column":22}}]},"14":{"type":"branch","line":72,"loc":{"start":{"line":72,"column":22},"end":{"line":75,"column":5}},"locations":[{"start":{"line":72,"column":22},"end":{"line":75,"column":5}}]},"15":{"type":"branch","line":70,"loc":{"start":{"line":70,"column":6},"end":{"line":70,"column":30}},"locations":[{"start":{"line":70,"column":6},"end":{"line":70,"column":30}}]},"16":{"type":"branch","line":81,"loc":{"start":{"line":81,"column":2},"end":{"line":88,"column":3}},"locations":[{"start":{"line":81,"column":2},"end":{"line":88,"column":3}}]},"17":{"type":"branch","line":82,"loc":{"start":{"line":82,"column":31},"end":{"line":87,"column":5}},"locations":[{"start":{"line":82,"column":31},"end":{"line":87,"column":5}}]},"18":{"type":"branch","line":86,"loc":{"start":{"line":86,"column":6},"end":{"line":86,"column":30}},"locations":[{"start":{"line":86,"column":6},"end":{"line":86,"column":30}}]},"19":{"type":"branch","line":93,"loc":{"start":{"line":93,"column":2},"end":{"line":104,"column":3}},"locations":[{"start":{"line":93,"column":2},"end":{"line":104,"column":3}}]},"20":{"type":"branch","line":97,"loc":{"start":{"line":97,"column":31},"end":{"line":97,"column":37}},"locations":[{"start":{"line":97,"column":31},"end":{"line":97,"column":37}}]},"21":{"type":"branch","line":97,"loc":{"start":{"line":97,"column":31},"end":{"line":101,"column":16}},"locations":[{"start":{"line":97,"column":31},"end":{"line":101,"column":16}}]},"22":{"type":"branch","line":101,"loc":{"start":{"line":101,"column":16},"end":{"line":103,"column":5}},"locations":[{"start":{"line":101,"column":16},"end":{"line":103,"column":5}}]},"23":{"type":"branch","line":100,"loc":{"start":{"line":100,"column":53},"end":{"line":100,"column":77}},"locations":[{"start":{"line":100,"column":53},"end":{"line":100,"column":77}}]},"24":{"type":"branch","line":109,"loc":{"start":{"line":109,"column":2},"end":{"line":123,"column":3}},"locations":[{"start":{"line":109,"column":2},"end":{"line":123,"column":3}}]},"25":{"type":"branch","line":113,"loc":{"start":{"line":113,"column":31},"end":{"line":113,"column":37}},"locations":[{"start":{"line":113,"column":31},"end":{"line":113,"column":37}}]},"26":{"type":"branch","line":113,"loc":{"start":{"line":113,"column":31},"end":{"line":122,"column":5}},"locations":[{"start":{"line":113,"column":31},"end":{"line":122,"column":5}}]},"27":{"type":"branch","line":118,"loc":{"start":{"line":118,"column":28},"end":{"line":121,"column":7}},"locations":[{"start":{"line":118,"column":28},"end":{"line":121,"column":7}}]},"28":{"type":"branch","line":117,"loc":{"start":{"line":117,"column":47},"end":{"line":117,"column":69}},"locations":[{"start":{"line":117,"column":47},"end":{"line":117,"column":69}}]},"29":{"type":"branch","line":128,"loc":{"start":{"line":128,"column":2},"end":{"line":139,"column":3}},"locations":[{"start":{"line":128,"column":2},"end":{"line":139,"column":3}}]},"30":{"type":"branch","line":129,"loc":{"start":{"line":129,"column":31},"end":{"line":129,"column":37}},"locations":[{"start":{"line":129,"column":31},"end":{"line":129,"column":37}}]},"31":{"type":"branch","line":129,"loc":{"start":{"line":129,"column":31},"end":{"line":138,"column":5}},"locations":[{"start":{"line":129,"column":31},"end":{"line":138,"column":5}}]},"32":{"type":"branch","line":134,"loc":{"start":{"line":134,"column":28},"end":{"line":137,"column":7}},"locations":[{"start":{"line":134,"column":28},"end":{"line":137,"column":7}}]},"33":{"type":"branch","line":133,"loc":{"start":{"line":133,"column":47},"end":{"line":133,"column":69}},"locations":[{"start":{"line":133,"column":47},"end":{"line":133,"column":69}}]},"34":{"type":"branch","line":146,"loc":{"start":{"line":146,"column":2},"end":{"line":200,"column":3}},"locations":[{"start":{"line":146,"column":2},"end":{"line":200,"column":3}}]},"35":{"type":"branch","line":152,"loc":{"start":{"line":152,"column":31},"end":{"line":152,"column":37}},"locations":[{"start":{"line":152,"column":31},"end":{"line":152,"column":37}}]},"36":{"type":"branch","line":152,"loc":{"start":{"line":152,"column":31},"end":{"line":158,"column":29}},"locations":[{"start":{"line":152,"column":31},"end":{"line":158,"column":29}}]},"37":{"type":"branch","line":158,"loc":{"start":{"line":158,"column":23},"end":{"line":158,"column":29}},"locations":[{"start":{"line":158,"column":23},"end":{"line":158,"column":29}}]},"38":{"type":"branch","line":158,"loc":{"start":{"line":158,"column":23},"end":{"line":161,"column":32}},"locations":[{"start":{"line":158,"column":23},"end":{"line":161,"column":32}}]},"39":{"type":"branch","line":161,"loc":{"start":{"line":161,"column":26},"end":{"line":161,"column":32}},"locations":[{"start":{"line":161,"column":26},"end":{"line":161,"column":32}}]},"40":{"type":"branch","line":161,"loc":{"start":{"line":161,"column":26},"end":{"line":172,"column":43}},"locations":[{"start":{"line":161,"column":26},"end":{"line":172,"column":43}}]},"41":{"type":"branch","line":172,"loc":{"start":{"line":172,"column":43},"end":{"line":181,"column":5}},"locations":[{"start":{"line":172,"column":43},"end":{"line":181,"column":5}}]},"42":{"type":"branch","line":181,"loc":{"start":{"line":181,"column":4},"end":{"line":190,"column":66}},"locations":[{"start":{"line":181,"column":4},"end":{"line":190,"column":66}}]},"43":{"type":"branch","line":190,"loc":{"start":{"line":190,"column":65},"end":{"line":193,"column":13}},"locations":[{"start":{"line":190,"column":65},"end":{"line":193,"column":13}}]},"44":{"type":"branch","line":193,"loc":{"start":{"line":193,"column":4},"end":{"line":199,"column":5}},"locations":[{"start":{"line":193,"column":4},"end":{"line":199,"column":5}}]},"45":{"type":"branch","line":156,"loc":{"start":{"line":156,"column":6},"end":{"line":156,"column":36}},"locations":[{"start":{"line":156,"column":6},"end":{"line":156,"column":36}}]},"46":{"type":"branch","line":160,"loc":{"start":{"line":160,"column":51},"end":{"line":160,"column":73}},"locations":[{"start":{"line":160,"column":51},"end":{"line":160,"column":73}}]},"47":{"type":"branch","line":167,"loc":{"start":{"line":167,"column":31},"end":{"line":169,"column":5}},"locations":[{"start":{"line":167,"column":31},"end":{"line":169,"column":5}}]},"48":{"type":"branch","line":174,"loc":{"start":{"line":174,"column":8},"end":{"line":174,"column":38}},"locations":[{"start":{"line":174,"column":8},"end":{"line":174,"column":38}}]},"49":{"type":"branch","line":177,"loc":{"start":{"line":177,"column":35},"end":{"line":179,"column":9}},"locations":[{"start":{"line":177,"column":35},"end":{"line":179,"column":9}}]},"50":{"type":"branch","line":207,"loc":{"start":{"line":207,"column":2},"end":{"line":225,"column":3}},"locations":[{"start":{"line":207,"column":2},"end":{"line":225,"column":3}}]},"51":{"type":"branch","line":208,"loc":{"start":{"line":208,"column":31},"end":{"line":208,"column":37}},"locations":[{"start":{"line":208,"column":31},"end":{"line":208,"column":37}}]},"52":{"type":"branch","line":208,"loc":{"start":{"line":208,"column":31},"end":{"line":217,"column":63}},"locations":[{"start":{"line":208,"column":31},"end":{"line":217,"column":63}}]},"53":{"type":"branch","line":217,"loc":{"start":{"line":217,"column":62},"end":{"line":224,"column":5}},"locations":[{"start":{"line":217,"column":62},"end":{"line":224,"column":5}}]},"54":{"type":"branch","line":211,"loc":{"start":{"line":211,"column":41},"end":{"line":213,"column":5}},"locations":[{"start":{"line":211,"column":41},"end":{"line":213,"column":5}}]},"55":{"type":"branch","line":230,"loc":{"start":{"line":230,"column":2},"end":{"line":232,"column":3}},"locations":[{"start":{"line":230,"column":2},"end":{"line":232,"column":3}}]},"56":{"type":"branch","line":231,"loc":{"start":{"line":231,"column":46},"end":{"line":231,"column":70}},"locations":[{"start":{"line":231,"column":46},"end":{"line":231,"column":70}}]},"57":{"type":"branch","line":237,"loc":{"start":{"line":237,"column":2},"end":{"line":244,"column":3}},"locations":[{"start":{"line":237,"column":2},"end":{"line":244,"column":3}}]},"58":{"type":"branch","line":238,"loc":{"start":{"line":238,"column":31},"end":{"line":238,"column":47}},"locations":[{"start":{"line":238,"column":31},"end":{"line":238,"column":47}}]},"59":{"type":"branch","line":238,"loc":{"start":{"line":238,"column":38},"end":{"line":242,"column":5}},"locations":[{"start":{"line":238,"column":38},"end":{"line":242,"column":5}}]},"60":{"type":"branch","line":241,"loc":{"start":{"line":241,"column":16},"end":{"line":241,"column":27}},"locations":[{"start":{"line":241,"column":16},"end":{"line":241,"column":27}}]},"61":{"type":"branch","line":242,"loc":{"start":{"line":242,"column":4},"end":{"line":243,"column":20}},"locations":[{"start":{"line":242,"column":4},"end":{"line":243,"column":20}}]},"62":{"type":"branch","line":240,"loc":{"start":{"line":240,"column":37},"end":{"line":240,"column":59}},"locations":[{"start":{"line":240,"column":37},"end":{"line":240,"column":59}}]}},"b":{"0":[38],"1":[2],"2":[1],"3":[1],"4":[2],"5":[1],"6":[1],"7":[4],"8":[1],"9":[2],"10":[1],"11":[3],"12":[1],"13":[2],"14":[1],"15":[2],"16":[2],"17":[1],"18":[2],"19":[3],"20":[1],"21":[2],"22":[1],"23":[2],"24":[3],"25":[1],"26":[2],"27":[1],"28":[1],"29":[3],"30":[1],"31":[2],"32":[1],"33":[2],"34":[7],"35":[1],"36":[6],"37":[1],"38":[5],"39":[1],"40":[4],"41":[2],"42":[4],"43":[3],"44":[1],"45":[8],"46":[7],"47":[7],"48":[2],"49":[1],"50":[3],"51":[1],"52":[2],"53":[1],"54":[4],"55":[2],"56":[1],"57":[3],"58":[1],"59":[2],"60":[1],"61":[1],"62":[1]},"fnMap":{"0":{"name":"loadProject","decl":{"start":{"line":32,"column":2},"end":{"line":39,"column":3}},"loc":{"start":{"line":32,"column":2},"end":{"line":39,"column":3}},"line":32},"1":{"name":"clearProject","decl":{"start":{"line":44,"column":2},"end":{"line":46,"column":3}},"loc":{"start":{"line":44,"column":2},"end":{"line":46,"column":3}},"line":44},"2":{"name":"createColumn","decl":{"start":{"line":51,"column":2},"end":{"line":57,"column":3}},"loc":{"start":{"line":51,"column":2},"end":{"line":57,"column":3}},"line":51},"3":{"name":"updateColumn","decl":{"start":{"line":62,"column":2},"end":{"line":76,"column":3}},"loc":{"start":{"line":62,"column":2},"end":{"line":76,"column":3}},"line":62},"4":{"name":"deleteColumn","decl":{"start":{"line":81,"column":2},"end":{"line":88,"column":3}},"loc":{"start":{"line":81,"column":2},"end":{"line":88,"column":3}},"line":81},"5":{"name":"createTask","decl":{"start":{"line":93,"column":2},"end":{"line":104,"column":3}},"loc":{"start":{"line":93,"column":2},"end":{"line":104,"column":3}},"line":93},"6":{"name":"updateTask","decl":{"start":{"line":109,"column":2},"end":{"line":123,"column":3}},"loc":{"start":{"line":109,"column":2},"end":{"line":123,"column":3}},"line":109},"7":{"name":"deleteTask","decl":{"start":{"line":128,"column":2},"end":{"line":139,"column":3}},"loc":{"start":{"line":128,"column":2},"end":{"line":139,"column":3}},"line":128},"8":{"name":"moveTask","decl":{"start":{"line":146,"column":2},"end":{"line":200,"column":3}},"loc":{"start":{"line":146,"column":2},"end":{"line":200,"column":3}},"line":146},"9":{"name":"reorderColumns","decl":{"start":{"line":207,"column":2},"end":{"line":225,"column":3}},"loc":{"start":{"line":207,"column":2},"end":{"line":225,"column":3}},"line":207},"10":{"name":"getColumnById","decl":{"start":{"line":230,"column":2},"end":{"line":232,"column":3}},"loc":{"start":{"line":230,"column":2},"end":{"line":232,"column":3}},"line":230},"11":{"name":"getTaskById","decl":{"start":{"line":237,"column":2},"end":{"line":244,"column":3}},"loc":{"start":{"line":237,"column":2},"end":{"line":244,"column":3}},"line":237}},"f":{"0":4,"1":1,"2":2,"3":3,"4":2,"5":3,"6":3,"7":3,"8":7,"9":3,"10":2,"11":3}}
}
